{"/Users/frankz/Project/learn-algorithm/src/bubbleSort.js": {"path":"/Users/frankz/Project/learn-algorithm/src/bubbleSort.js","statementMap":{"0":{"start":{"line":7,"column":19},"end":{"line":37,"column":1}},"1":{"start":{"line":8,"column":2},"end":{"line":10,"column":3}},"2":{"start":{"line":9,"column":4},"end":{"line":9,"column":14}},"3":{"start":{"line":11,"column":12},"end":{"line":11,"column":26}},"4":{"start":{"line":12,"column":21},"end":{"line":12,"column":22}},"5":{"start":{"line":13,"column":2},"end":{"line":34,"column":3}},"6":{"start":{"line":13,"column":15},"end":{"line":13,"column":16}},"7":{"start":{"line":14,"column":15},"end":{"line":14,"column":19}},"8":{"start":{"line":16,"column":4},"end":{"line":27,"column":5}},"9":{"start":{"line":16,"column":17},"end":{"line":16,"column":18}},"10":{"start":{"line":17,"column":6},"end":{"line":26,"column":7}},"11":{"start":{"line":19,"column":19},"end":{"line":19,"column":25}},"12":{"start":{"line":20,"column":8},"end":{"line":20,"column":27}},"13":{"start":{"line":21,"column":8},"end":{"line":21,"column":25}},"14":{"start":{"line":23,"column":8},"end":{"line":23,"column":20}},"15":{"start":{"line":25,"column":8},"end":{"line":25,"column":24}},"16":{"start":{"line":29,"column":4},"end":{"line":29,"column":22}},"17":{"start":{"line":31,"column":4},"end":{"line":33,"column":5}},"18":{"start":{"line":32,"column":6},"end":{"line":32,"column":11}},"19":{"start":{"line":36,"column":2},"end":{"line":36,"column":35}},"20":{"start":{"line":38,"column":0},"end":{"line":38,"column":27}}},"fnMap":{"0":{"name":"(anonymous_0)","decl":{"start":{"line":7,"column":19},"end":{"line":7,"column":20}},"loc":{"start":{"line":7,"column":38},"end":{"line":37,"column":1}},"line":7}},"branchMap":{"0":{"loc":{"start":{"line":7,"column":25},"end":{"line":7,"column":33}},"type":"default-arg","locations":[{"start":{"line":7,"column":32},"end":{"line":7,"column":33}}],"line":7},"1":{"loc":{"start":{"line":8,"column":2},"end":{"line":10,"column":3}},"type":"if","locations":[{"start":{"line":8,"column":2},"end":{"line":10,"column":3}},{"start":{"line":8,"column":2},"end":{"line":10,"column":3}}],"line":8},"2":{"loc":{"start":{"line":8,"column":6},"end":{"line":8,"column":36}},"type":"binary-expr","locations":[{"start":{"line":8,"column":6},"end":{"line":8,"column":18}},{"start":{"line":8,"column":22},"end":{"line":8,"column":36}}],"line":8},"3":{"loc":{"start":{"line":17,"column":6},"end":{"line":26,"column":7}},"type":"if","locations":[{"start":{"line":17,"column":6},"end":{"line":26,"column":7}},{"start":{"line":17,"column":6},"end":{"line":26,"column":7}}],"line":17},"4":{"loc":{"start":{"line":31,"column":4},"end":{"line":33,"column":5}},"type":"if","locations":[{"start":{"line":31,"column":4},"end":{"line":33,"column":5}},{"start":{"line":31,"column":4},"end":{"line":33,"column":5}}],"line":31},"5":{"loc":{"start":{"line":36,"column":9},"end":{"line":36,"column":35}},"type":"cond-expr","locations":[{"start":{"line":36,"column":16},"end":{"line":36,"column":29}},{"start":{"line":36,"column":32},"end":{"line":36,"column":35}}],"line":36}},"s":{"0":1,"1":5,"2":3,"3":2,"4":2,"5":2,"6":2,"7":8,"8":8,"9":8,"10":48,"11":25,"12":25,"13":25,"14":25,"15":25,"16":8,"17":8,"18":2,"19":2,"20":1},"f":{"0":5},"b":{"0":[4],"1":[3,2],"2":[5,4],"3":[25,23],"4":[2,6],"5":[1,1]},"_coverageSchema":"1a1c01bbd47fc00a2c39e90264f33305004495a9","hash":"ee3216641d47caee8f7d269e09e13a9356490d46"}
,"/Users/frankz/Project/learn-algorithm/src/insertSort.js": {"path":"/Users/frankz/Project/learn-algorithm/src/insertSort.js","statementMap":{"0":{"start":{"line":1,"column":19},"end":{"line":20,"column":1}},"1":{"start":{"line":2,"column":2},"end":{"line":4,"column":3}},"2":{"start":{"line":3,"column":4},"end":{"line":3,"column":14}},"3":{"start":{"line":6,"column":2},"end":{"line":18,"column":3}},"4":{"start":{"line":6,"column":15},"end":{"line":6,"column":16}},"5":{"start":{"line":7,"column":14},"end":{"line":7,"column":20}},"6":{"start":{"line":8,"column":19},"end":{"line":8,"column":24}},"7":{"start":{"line":10,"column":4},"end":{"line":15,"column":5}},"8":{"start":{"line":12,"column":6},"end":{"line":12,"column":39}},"9":{"start":{"line":14,"column":6},"end":{"line":14,"column":16}},"10":{"start":{"line":17,"column":4},"end":{"line":17,"column":27}},"11":{"start":{"line":19,"column":2},"end":{"line":19,"column":35}},"12":{"start":{"line":21,"column":0},"end":{"line":21,"column":27}}},"fnMap":{"0":{"name":"(anonymous_0)","decl":{"start":{"line":1,"column":19},"end":{"line":1,"column":20}},"loc":{"start":{"line":1,"column":38},"end":{"line":20,"column":1}},"line":1}},"branchMap":{"0":{"loc":{"start":{"line":1,"column":25},"end":{"line":1,"column":33}},"type":"default-arg","locations":[{"start":{"line":1,"column":32},"end":{"line":1,"column":33}}],"line":1},"1":{"loc":{"start":{"line":2,"column":2},"end":{"line":4,"column":3}},"type":"if","locations":[{"start":{"line":2,"column":2},"end":{"line":4,"column":3}},{"start":{"line":2,"column":2},"end":{"line":4,"column":3}}],"line":2},"2":{"loc":{"start":{"line":2,"column":6},"end":{"line":2,"column":36}},"type":"binary-expr","locations":[{"start":{"line":2,"column":6},"end":{"line":2,"column":18}},{"start":{"line":2,"column":22},"end":{"line":2,"column":36}}],"line":2},"3":{"loc":{"start":{"line":10,"column":11},"end":{"line":10,"column":47}},"type":"binary-expr","locations":[{"start":{"line":10,"column":11},"end":{"line":10,"column":24}},{"start":{"line":10,"column":28},"end":{"line":10,"column":47}}],"line":10},"4":{"loc":{"start":{"line":19,"column":9},"end":{"line":19,"column":35}},"type":"cond-expr","locations":[{"start":{"line":19,"column":16},"end":{"line":19,"column":29}},{"start":{"line":19,"column":32},"end":{"line":19,"column":35}}],"line":19}},"s":{"0":1,"1":5,"2":3,"3":2,"4":2,"5":18,"6":18,"7":18,"8":25,"9":25,"10":18,"11":2,"12":1},"f":{"0":5},"b":{"0":[4],"1":[3,2],"2":[5,4],"3":[43,42],"4":[1,1]},"_coverageSchema":"1a1c01bbd47fc00a2c39e90264f33305004495a9","hash":"2f0e0ad32834a890fa9680c414c4c8e24a4d58a2"}
,"/Users/frankz/Project/learn-algorithm/src/selectSort.js": {"path":"/Users/frankz/Project/learn-algorithm/src/selectSort.js","statementMap":{"0":{"start":{"line":6,"column":19},"end":{"line":24,"column":1}},"1":{"start":{"line":7,"column":2},"end":{"line":9,"column":3}},"2":{"start":{"line":8,"column":4},"end":{"line":8,"column":14}},"3":{"start":{"line":10,"column":12},"end":{"line":10,"column":22}},"4":{"start":{"line":11,"column":2},"end":{"line":21,"column":3}},"5":{"start":{"line":11,"column":15},"end":{"line":11,"column":16}},"6":{"start":{"line":12,"column":14},"end":{"line":12,"column":15}},"7":{"start":{"line":14,"column":4},"end":{"line":16,"column":5}},"8":{"start":{"line":14,"column":17},"end":{"line":14,"column":22}},"9":{"start":{"line":15,"column":6},"end":{"line":15,"column":36}},"10":{"start":{"line":15,"column":29},"end":{"line":15,"column":36}},"11":{"start":{"line":18,"column":15},"end":{"line":18,"column":21}},"12":{"start":{"line":19,"column":4},"end":{"line":19,"column":21}},"13":{"start":{"line":20,"column":4},"end":{"line":20,"column":19}},"14":{"start":{"line":23,"column":2},"end":{"line":23,"column":35}},"15":{"start":{"line":25,"column":0},"end":{"line":25,"column":27}}},"fnMap":{"0":{"name":"(anonymous_0)","decl":{"start":{"line":6,"column":19},"end":{"line":6,"column":20}},"loc":{"start":{"line":6,"column":38},"end":{"line":24,"column":1}},"line":6}},"branchMap":{"0":{"loc":{"start":{"line":6,"column":25},"end":{"line":6,"column":33}},"type":"default-arg","locations":[{"start":{"line":6,"column":32},"end":{"line":6,"column":33}}],"line":6},"1":{"loc":{"start":{"line":7,"column":2},"end":{"line":9,"column":3}},"type":"if","locations":[{"start":{"line":7,"column":2},"end":{"line":9,"column":3}},{"start":{"line":7,"column":2},"end":{"line":9,"column":3}}],"line":7},"2":{"loc":{"start":{"line":7,"column":6},"end":{"line":7,"column":36}},"type":"binary-expr","locations":[{"start":{"line":7,"column":6},"end":{"line":7,"column":18}},{"start":{"line":7,"column":22},"end":{"line":7,"column":36}}],"line":7},"3":{"loc":{"start":{"line":15,"column":6},"end":{"line":15,"column":36}},"type":"if","locations":[{"start":{"line":15,"column":6},"end":{"line":15,"column":36}},{"start":{"line":15,"column":6},"end":{"line":15,"column":36}}],"line":15},"4":{"loc":{"start":{"line":23,"column":9},"end":{"line":23,"column":35}},"type":"cond-expr","locations":[{"start":{"line":23,"column":16},"end":{"line":23,"column":29}},{"start":{"line":23,"column":32},"end":{"line":23,"column":35}}],"line":23}},"s":{"0":1,"1":5,"2":3,"3":2,"4":2,"5":2,"6":18,"7":18,"8":18,"9":90,"10":13,"11":18,"12":18,"13":18,"14":2,"15":1},"f":{"0":5},"b":{"0":[4],"1":[3,2],"2":[5,4],"3":[13,77],"4":[1,1]},"_coverageSchema":"1a1c01bbd47fc00a2c39e90264f33305004495a9","hash":"7c0040dff91239ddbe0da4ca4e880de38b1c488b"}
}
