TN:
SF:src/bubbleSort.js
FN:7,(anonymous_0)
FNF:1
FNH:1
FNDA:5,(anonymous_0)
DA:7,1
DA:8,5
DA:9,3
DA:11,2
DA:12,2
DA:13,2
DA:14,8
DA:16,8
DA:17,48
DA:19,25
DA:20,25
DA:21,25
DA:23,25
DA:25,25
DA:29,8
DA:31,8
DA:32,2
DA:36,2
DA:38,1
LF:19
LH:19
BRDA:7,0,0,4
BRDA:8,1,0,3
BRDA:8,1,1,2
BRDA:8,2,0,5
BRDA:8,2,1,4
BRDA:17,3,0,25
BRDA:17,3,1,23
BRDA:31,4,0,2
BRDA:31,4,1,6
BRDA:36,5,0,1
BRDA:36,5,1,1
BRF:11
BRH:11
end_of_record
TN:
SF:src/insertSort.js
FN:1,(anonymous_0)
FNF:1
FNH:1
FNDA:5,(anonymous_0)
DA:1,1
DA:2,5
DA:3,3
DA:6,2
DA:7,18
DA:8,18
DA:10,18
DA:12,25
DA:14,25
DA:17,18
DA:19,2
DA:21,1
LF:12
LH:12
BRDA:1,0,0,4
BRDA:2,1,0,3
BRDA:2,1,1,2
BRDA:2,2,0,5
BRDA:2,2,1,4
BRDA:10,3,0,43
BRDA:10,3,1,42
BRDA:19,4,0,1
BRDA:19,4,1,1
BRF:9
BRH:9
end_of_record
TN:
SF:src/selectSort.js
FN:6,(anonymous_0)
FNF:1
FNH:1
FNDA:5,(anonymous_0)
DA:6,1
DA:7,5
DA:8,3
DA:10,2
DA:11,2
DA:12,18
DA:14,18
DA:15,90
DA:18,18
DA:19,18
DA:20,18
DA:23,2
DA:25,1
LF:13
LH:13
BRDA:6,0,0,4
BRDA:7,1,0,3
BRDA:7,1,1,2
BRDA:7,2,0,5
BRDA:7,2,1,4
BRDA:15,3,0,13
BRDA:15,3,1,77
BRDA:23,4,0,1
BRDA:23,4,1,1
BRF:9
BRH:9
end_of_record
